yarn run v1.22.21
$ storybook build --output-dir C:\Users\60926\AppData\Local\Temp\chromatic--9320-r7JHN6faejqp
@storybook/cli v7.0.20

info => Cleaning outputDir: C:\Users\60926\AppData\Local\Temp\chromatic--9320-r7JHN6faejqp
info => Loading presets
info => Building manager..
info => Manager built (1.23 s)
info => Compiling preview..
info => Copying static files: C:\Users\60926\Desktop\work\compent\well-component\node_modules\@storybook\manager\static at C:\Users\60926\AppData\Local\Temp\chromatic--9320-r7JHN6faejqp\sb-common-assets
info Addon-docs: using MDX2
info => Using implicit CSS loaders
info => Using default Webpack5 setup
WARN No story files found for the specified pattern: src\**\*.mdx
info => Preview built (1.12 min)
WARN export 'getDetectionURL' (imported as 'getDetectionURL') was not found in '../../api/detectionAndImprovementApi.js' (possible exports: deleteData, getDataType, getEnvelopeCurve, getHeatMapMse, getHeatMapMseByDepth, getHeatMapRop, getHeatMapRopByDepth, getHorizonNameList, getLatestData, getMseCalAndFull, getRopRecord, getRpm, getScatterPlot, getWellList, getWob, importAll, initDataType, setBitDiameter)
WARN export 'setDetectionURL' (imported as 'setDetectionURL') was not found in '../../api/detectionAndImprovementApi.js' (possible exports: deleteData, getDataType, getEnvelopeCurve, getHeatMapMse, getHeatMapMseByDepth, getHeatMapRop, getHeatMapRopByDepth, getHorizonNameList, getLatestData, getMseCalAndFull, getRopRecord, getRpm, getScatterPlot, getWellList, getWob, importAll, initDataType, setBitDiameter)
WARN export 'clearRecord' (imported as 'clearRecord') was not found in '../../../api/SandPlugApi.js' (possible exports: confirmSpWarningResult, deleteSpLogRemark, editSpLogRemark, getFractureData, getSpCurrentWarning, getSpRecord, getSpWarningLogList, getSpWarningSet, warningSetSp)
WARN export 'clearRecord' (imported as 'clearRecord') was not found in '../../../api/SandPlugApi.js' (possible exports: confirmSpWarningResult, deleteSpLogRemark, editSpLogRemark, getFractureData, getSpCurrentWarning, getSpRecord, getSpWarningLogList, getSpWarningSet, warningSetSp)
WARN export 'setMockData' (imported as 'setMockData') was not found in '../../../api/SandPlugApi.js' (possible exports: confirmSpWarningResult, deleteSpLogRemark, editSpLogRemark, getFractureData, getSpCurrentWarning, getSpRecord, getSpWarningLogList, getSpWarningSet, warningSetSp)
WARN export 'importExcel' (imported as 'importExcel') was not found in '../../api/detectionAndImprovementApi.js' (possible exports: deleteData, getDataType, getEnvelopeCurve, getHeatMapMse, getHeatMapMseByDepth, getHeatMapRop, getHeatMapRopByDepth, getHorizonNameList, getLatestData, getMseCalAndFull, getRopRecord, getRpm, getScatterPlot, getWellList, getWob, importAll, initDataType, setBitDiameter)
WARN Module Warning (from ./node_modules/vue-docgen-loader/lib/index.js):
WARN [vue-docgen-loader] failed to parse the component file with docgen-api: A default value needs to be a function when your type is an object or array
WARN Module Warning (from ./node_modules/vue-docgen-loader/lib/index.js):
WARN [vue-docgen-loader] failed to parse the component file with docgen-api: A default value needs to be a function when your type is an object or array
WARN Module Warning (from ./node_modules/vue-docgen-loader/lib/index.js):
WARN [vue-docgen-loader] failed to parse the component file with docgen-api: A default value needs to be a function when your type is an object or array
WARN Module Warning (from ./node_modules/vue-docgen-loader/lib/index.js):
WARN [vue-docgen-loader] failed to parse the component file with docgen-api: A default value needs to be a function when your type is an object or array
WARN Module Warning (from ./node_modules/vue-docgen-loader/lib/index.js):
WARN [vue-docgen-loader] failed to parse the component file with docgen-api: A default value needs to be a function when your type is an object or array
WARN asset size limit: The following asset(s) exceed the recommended size limit (244 KiB).
WARN This can impact web performance.
WARN Assets: 
WARN   stories-template-DrillingAnalysis-stories.11cb4191.iframe.bundle.js (371 KiB)
WARN   7855.2b63fd15.iframe.bundle.js (829 KiB)
WARN   8014.965fb396.iframe.bundle.js (788 KiB)
WARN   4463.08a758c4.iframe.bundle.js (583 KiB)
WARN   1297.a0aa7bc0.iframe.bundle.js (1.69 MiB)
WARN   4938.b4aead5d.iframe.bundle.js (6.15 MiB)
WARN entrypoint size limit: The following entrypoint(s) combined asset size exceeds the recommended limit (244 KiB). This can impact web performance.
WARN Entrypoints:
WARN   main (6.22 MiB)
WARN       runtime~main.3f18124b.iframe.bundle.js
WARN       4938.b4aead5d.iframe.bundle.js
WARN       main.631d191e.iframe.bundle.js
WARN 
info => Output directory: C:\Users\60926\AppData\Local\Temp\chromatic--9320-r7JHN6faejqp
Done in 76.63s.
